{
  "stats": {
    "suites": 1,
    "tests": 1,
    "passes": 1,
    "pending": 0,
    "failures": 0,
    "start": "2024-03-28T14:34:40.858Z",
    "end": "2024-03-28T14:34:48.366Z",
    "duration": 7508,
    "testsRegistered": 1,
    "passPercent": 100,
    "pendingPercent": 0,
    "other": 0,
    "hasOther": false,
    "skipped": 0,
    "hasSkipped": false
  },
  "results": [
    {
      "uuid": "0c811413-d36d-4131-aabd-14384cf2e131",
      "title": "",
      "fullFile": "cypress/e2e/homeWork15/task1.cy.js",
      "file": "cypress/e2e/homeWork15/task1.cy.js",
      "beforeHooks": [],
      "afterHooks": [],
      "tests": [],
      "suites": [
        {
          "uuid": "af818582-c345-488d-882d-bccd20d35a95",
          "title": "Home Work 15",
          "fullFile": "",
          "file": "",
          "beforeHooks": [],
          "afterHooks": [],
          "tests": [
            {
              "title": "Adding new cart and cheking fuel",
              "fullTitle": "Home Work 15 Adding new cart and cheking fuel",
              "timedOut": null,
              "duration": 7470,
              "state": "passed",
              "speed": "medium",
              "pass": true,
              "fail": false,
              "pending": false,
              "context": null,
              "code": "cy.visit(\"/panel/garage\", {\n  failOnStatusCode: false,\n  auth: {\n    username: Cypress.config().auth.baseAuthUsername,\n    password: Cypress.config().auth.baseAuthpassword\n  }\n});\ncy.get(\".header_right > .btn\").click();\ncy.get(\"#signinEmail\").type(Cypress.config().userAuth.userAuthEmail);\ncy.get(\"#signinPassword\").type(Cypress.config().userAuth.userAuthPassword);\ncy.get(\".modal-footer > .btn-primary\").click();\ncy.get(\".panel-page_heading > .btn\").click();\ncy.get(\"#addCarMileage\").type(\"20000\");\ncy.get(\".modal-footer > .btn-primary\").click();\ncy.get('[routerlink=\"expenses\"]').click();\ncy.get(\".btn-primary\").click();\ncy.get(\"#addExpenseLiters\").type(\"30\");\ncy.get(\"#addExpenseTotalCost\").type(\"480\");\ncy.get(\"#addExpenseMileage\").clear();\ncy.get(\"#addExpenseMileage\").type(\"20300\");\ncy.get(\".modal-footer > .btn-primary\").click();\ncy.get(\"#carSelectDropdown\").should(\"contain\", \"Audi TT\");\ncy.get(\"tbody > tr\").eq(0).should(\"exist\");",
              "err": {},
              "uuid": "5ba6a61e-9281-4bad-a3d5-2a847607c9da",
              "parentUUID": "af818582-c345-488d-882d-bccd20d35a95",
              "isHook": false,
              "skipped": false
            }
          ],
          "suites": [],
          "passes": [
            "5ba6a61e-9281-4bad-a3d5-2a847607c9da"
          ],
          "failures": [],
          "pending": [],
          "skipped": [],
          "duration": 7470,
          "root": false,
          "rootEmpty": false,
          "_timeout": 2000
        }
      ],
      "passes": [],
      "failures": [],
      "pending": [],
      "skipped": [],
      "duration": 0,
      "root": true,
      "rootEmpty": true,
      "_timeout": 2000
    }
  ],
  "meta": {
    "mocha": {
      "version": "7.0.1"
    },
    "mochawesome": {
      "options": {
        "quiet": false,
        "reportFilename": "mochawesome",
        "saveHtml": false,
        "saveJson": true,
        "consoleReporter": "spec",
        "useInlineDiffs": false,
        "code": true
      },
      "version": "7.1.3"
    },
    "marge": {
      "options": {
        "overwrite": false,
        "html": false,
        "json": true,
        "reportDir": "cypress/reports/html/.jsons"
      },
      "version": "6.2.0"
    }
  }
}